<?xml version="1.0" encoding="UTF-8"?>
<testng-results skipped="0" failed="0" total="0" passed="0">
  <reporter-output>
  </reporter-output>
  <suite name="Default suite" duration-ms="7" started-at="2020-04-08T06:37:09Z" finished-at="2020-04-08T06:37:09Z">
    <groups>
    </groups>
    <test name="Default test" duration-ms="7" started-at="2020-04-08T06:37:09Z" finished-at="2020-04-08T06:37:09Z">
      <class name="jUnitPlay">
        <test-method status="PASS" signature="beforesuite()[pri:0, instance:jUnitPlay@6d78f375]" name="beforesuite" is-config="true" duration-ms="10" started-at="2020-04-08T12:07:09Z" finished-at="2020-04-08T12:07:09Z">
          <reporter-output>
          </reporter-output>
        </test-method> <!-- beforesuite -->
        <test-method status="PASS" signature="beforetest()[pri:0, instance:jUnitPlay@6d78f375]" name="beforetest" is-config="true" duration-ms="0" started-at="2020-04-08T12:07:09Z" finished-at="2020-04-08T12:07:09Z">
          <reporter-output>
          </reporter-output>
        </test-method> <!-- beforetest -->
      </class> <!-- jUnitPlay -->
    </test> <!-- Default test -->
  </suite> <!-- Default suite -->
</testng-results>
